<?xml version="1.0" encoding="UTF-8"?>
<!-- Generated by org.testng.reporters.JUnitXMLReporter -->
<testsuite ignored="6" hostname="DESKTOP-H2H1S22" failures="1" tests="1" name="Default test" time="80.191" errors="0" timestamp="2020-08-23T14:39:14 IST">
  <testcase classname="com.SoftSuave.BustelSpotTest.ActivityTest" name="activityPagetest" time="79.707">
    <failure type="org.openqa.selenium.TimeoutException" message="Expected condition failed: waiting for visibility of element located by By.xpath: //div[@class=&amp;apos;message-sec&amp;apos;]/p[1] (tried for 5 second(s) with 500 milliseconds interval)
Build info: version: &amp;apos;3.141.59&amp;apos;, revision: &amp;apos;e82be7d358&amp;apos;, time: &amp;apos;2018-11-14T08:17:03&amp;apos;
System info: host: &amp;apos;DESKTOP-H2H1S22&amp;apos;, ip: &amp;apos;192.168.43.209&amp;apos;, os.name: &amp;apos;Windows 10&amp;apos;, os.arch: &amp;apos;amd64&amp;apos;, os.version: &amp;apos;10.0&amp;apos;, java.version: &amp;apos;14.0.1&amp;apos;
Driver info: org.openqa.selenium.chrome.ChromeDriver
Capabilities {acceptInsecureCerts: false, browserName: chrome, browserVersion: 83.0.4103.116, chrome: {chromedriverVersion: 83.0.4103.39 (ccbf011cb2d2b..., userDataDir: C:\Users\DIVYAN~1\AppData\L...}, goog:chromeOptions: {debuggerAddress: localhost:61589}, javascriptEnabled: true, networkConnectionEnabled: false, pageLoadStrategy: normal, platform: WINDOWS, platformName: WINDOWS, proxy: Proxy(), setWindowRect: true, strictFileInteractability: false, timeouts: {implicit: 0, pageLoad: 300000, script: 30000}, unhandledPromptBehavior: dismiss and notify, webauthn:virtualAuthenticators: true}
Session ID: 40f436480d27136f59eff1791803d887">
      <![CDATA[org.openqa.selenium.TimeoutException: Expected condition failed: waiting for visibility of element located by By.xpath: //div[@class='message-sec']/p[1] (tried for 5 second(s) with 500 milliseconds interval)
Build info: version: '3.141.59', revision: 'e82be7d358', time: '2018-11-14T08:17:03'
System info: host: 'DESKTOP-H2H1S22', ip: '192.168.43.209', os.name: 'Windows 10', os.arch: 'amd64', os.version: '10.0', java.version: '14.0.1'
Driver info: org.openqa.selenium.chrome.ChromeDriver
Capabilities {acceptInsecureCerts: false, browserName: chrome, browserVersion: 83.0.4103.116, chrome: {chromedriverVersion: 83.0.4103.39 (ccbf011cb2d2b..., userDataDir: C:\Users\DIVYAN~1\AppData\L...}, goog:chromeOptions: {debuggerAddress: localhost:61589}, javascriptEnabled: true, networkConnectionEnabled: false, pageLoadStrategy: normal, platform: WINDOWS, platformName: WINDOWS, proxy: Proxy(), setWindowRect: true, strictFileInteractability: false, timeouts: {implicit: 0, pageLoad: 300000, script: 30000}, unhandledPromptBehavior: dismiss and notify, webauthn:virtualAuthenticators: true}
Session ID: 40f436480d27136f59eff1791803d887
at org.openqa.selenium.support.ui.WebDriverWait.timeoutException(WebDriverWait.java:95)
at org.openqa.selenium.support.ui.FluentWait.until(FluentWait.java:272)
at com.SoftSuave.BustelSpotMain.BaseClass.waitForElement(BaseClass.java:61)
at com.SoftSuave.BustelSpotMain.LoginPage.loginToApplicationValid(LoginPage.java:37)
at com.SoftSuave.BustelSpotMain.LoginPage.loginToApplicationValid(LoginPage.java:22)
at com.SoftSuave.BustelSpotTest.ActivityTest.login(ActivityTest.java:17)
at com.SoftSuave.BustelSpotTest.ActivityTest.activityPagetest(ActivityTest.java:30)
at java.base/jdk.internal.reflect.NativeMethodAccessorImpl.invoke0(Native Method)
at java.base/jdk.internal.reflect.NativeMethodAccessorImpl.invoke(NativeMethodAccessorImpl.java:62)
at java.base/jdk.internal.reflect.DelegatingMethodAccessorImpl.invoke(DelegatingMethodAccessorImpl.java:43)
at java.base/java.lang.reflect.Method.invoke(Method.java:564)
at org.testng.internal.MethodInvocationHelper.invokeMethod(MethodInvocationHelper.java:132)
at org.testng.internal.TestInvoker.invokeMethod(TestInvoker.java:599)
at org.testng.internal.TestInvoker.invokeTestMethod(TestInvoker.java:174)
at org.testng.internal.MethodRunner.runInSequence(MethodRunner.java:46)
at org.testng.internal.TestInvoker$MethodInvocationAgent.invoke(TestInvoker.java:822)
at org.testng.internal.TestInvoker.invokeTestMethods(TestInvoker.java:147)
at org.testng.internal.TestMethodWorker.invokeTestMethods(TestMethodWorker.java:146)
at org.testng.internal.TestMethodWorker.run(TestMethodWorker.java:128)
at java.base/java.util.ArrayList.forEach(ArrayList.java:1510)
at org.testng.TestRunner.privateRun(TestRunner.java:764)
at org.testng.TestRunner.run(TestRunner.java:585)
at org.testng.SuiteRunner.runTest(SuiteRunner.java:384)
at org.testng.SuiteRunner.runSequentially(SuiteRunner.java:378)
at org.testng.SuiteRunner.privateRun(SuiteRunner.java:337)
at org.testng.SuiteRunner.run(SuiteRunner.java:286)
at org.testng.SuiteRunnerWorker.runSuite(SuiteRunnerWorker.java:53)
at org.testng.SuiteRunnerWorker.run(SuiteRunnerWorker.java:96)
at org.testng.TestNG.runSuitesSequentially(TestNG.java:1218)
at org.testng.TestNG.runSuitesLocally(TestNG.java:1140)
at org.testng.TestNG.runSuites(TestNG.java:1069)
at org.testng.TestNG.run(TestNG.java:1037)
at org.testng.remote.AbstractRemoteTestNG.run(AbstractRemoteTestNG.java:115)
at org.testng.remote.RemoteTestNG.initAndRun(RemoteTestNG.java:251)
at org.testng.remote.RemoteTestNG.main(RemoteTestNG.java:77)
]]>
    </failure>
  </testcase> <!-- activityPagetest -->
  <testcase classname="com.SoftSuave.BustelSpotTest.ActivityTest" name="activityPagetestclickOnToday" time="0.0">
    <ignored/>
  </testcase> <!-- activityPagetestclickOnToday -->
  <testcase classname="com.SoftSuave.BustelSpotTest.ActivityTest" name="activityPagetestclickOnYestarday" time="0.0">
    <ignored/>
  </testcase> <!-- activityPagetestclickOnYestarday -->
  <testcase classname="com.SoftSuave.BustelSpotTest.ActivityTest" name="activityPagetestclickOnLastWeek" time="0.0">
    <ignored/>
  </testcase> <!-- activityPagetestclickOnLastWeek -->
  <testcase classname="com.SoftSuave.BustelSpotTest.ActivityTest" name="activityPagetestclickOnThisMonth" time="0.0">
    <ignored/>
  </testcase> <!-- activityPagetestclickOnThisMonth -->
  <testcase classname="com.SoftSuave.BustelSpotTest.ActivityTest" name="activityPagetestclickOnThisWeek" time="0.0">
    <ignored/>
  </testcase> <!-- activityPagetestclickOnThisWeek -->
  <testcase classname="com.SoftSuave.BustelSpotTest.ActivityTest" name="activityPagetestclickOnLastMonth" time="0.0">
    <ignored/>
  </testcase> <!-- activityPagetestclickOnLastMonth -->
</testsuite> <!-- Default test -->
